  Camera.cpp
  CameraFixed.cpp
E:\_GITHUB\AOKG_LABS\LAB_05\CameraFixed.cpp(65,50): warning C4244: =: преобразование "GLdouble" в "T", возможна потеря данных
          with
          [
              T=float
          ]
E:\_GITHUB\AOKG_LABS\LAB_05\CameraFixed.cpp(66,23): warning C4244: =: преобразование "GLdouble" в "T", возможна потеря данных
          with
          [
              T=float
          ]
E:\_GITHUB\AOKG_LABS\LAB_05\CameraFixed.cpp(67,50): warning C4244: =: преобразование "GLdouble" в "T", возможна потеря данных
          with
          [
              T=float
          ]
  CameraFree.cpp
E:\_GITHUB\AOKG_LABS\LAB_05\CameraFree.cpp(28,11): warning C4244: =: преобразование "int" в "float", возможна потеря данных
E:\_GITHUB\AOKG_LABS\LAB_05\CameraFree.cpp(29,11): warning C4244: =: преобразование "int" в "float", возможна потеря данных
E:\_GITHUB\AOKG_LABS\LAB_05\CameraFree.cpp(34,10): warning C4244: =: преобразование "int" в "float", возможна потеря данных
E:\_GITHUB\AOKG_LABS\LAB_05\CameraFree.cpp(35,10): warning C4244: =: преобразование "int" в "float", возможна потеря данных
E:\_GITHUB\AOKG_LABS\LAB_05\CameraFree.cpp(44,39): warning C4244: =: преобразование "double" в "T", возможна потеря данных
          with
          [
              T=float
          ]
E:\_GITHUB\AOKG_LABS\LAB_05\CameraFree.cpp(45,22): warning C4244: =: преобразование "double" в "T", возможна потеря данных
          with
          [
              T=float
          ]
E:\_GITHUB\AOKG_LABS\LAB_05\CameraFree.cpp(46,42): warning C4244: =: преобразование "double" в "T", возможна потеря данных
          with
          [
              T=float
          ]
E:\_GITHUB\AOKG_LABS\LAB_05\CameraFree.cpp(50,10): warning C4244: =: преобразование "int" в "float", возможна потеря данных
E:\_GITHUB\AOKG_LABS\LAB_05\CameraFree.cpp(51,10): warning C4244: =: преобразование "int" в "float", возможна потеря данных
E:\_GITHUB\AOKG_LABS\LAB_05\CameraFree.cpp(54,19): warning C4244: инициализация: преобразование "double" в "float", возможна потеря данных
E:\_GITHUB\AOKG_LABS\LAB_05\CameraFree.cpp(70,37): warning C4244: =: преобразование "int" в "float", возможна потеря данных
E:\_GITHUB\AOKG_LABS\LAB_05\CameraFree.cpp(71,38): warning C4244: =: преобразование "int" в "float", возможна потеря данных
  GObject.cpp
  PhongMaterial.cpp
  Source.cpp
  Light.cpp
  projectGLobalConstData.cpp
  Создание кода...
  Project1.vcxproj -> E:\_GITHUB\AOKG_LABS\LAB_05\Debug\Project1.exe
